# JRE version: Java(TM) SE Runtime Environment 18.9 (11.0.16.1+1) (build 11.0.16.1+1-LTS-1)
# Java VM: Java HotSpot(TM) 64-Bit Server VM 18.9 (11.0.16.1+1-LTS-1, mixed mode, tiered, compressed oops, g1 gc, windows-amd64)
Heap:
 garbage-first heap   total 520192K, used 319255K [0x0000000605400000, 0x0000000800000000)
  region size 2048K, 154 young (315392K), 14 survivors (28672K)
 Metaspace       used 80642K, capacity 83039K, committed 83228K, reserved 1120256K
  class space    used 10730K, capacity 11655K, committed 11724K, reserved 1048576K
GC Heap History (10 events):
Event: 1.733 GC heap after
{Heap after GC invocations=3 (full 0):
 garbage-first heap   total 520192K, used 11729K [0x0000000605400000, 0x0000000800000000)
  region size 2048K, 2 young (4096K), 2 survivors (4096K)
 Metaspace       used 20552K, capacity 21137K, committed 21296K, reserved 1069056K
  class space    used 2410K, capacity 2637K, committed 2688K, reserved 1048576K
}
Event: 2.030 GC heap before
{Heap before GC invocations=4 (full 0):
 garbage-first heap   total 520192K, used 75217K [0x0000000605400000, 0x0000000800000000)
  region size 2048K, 33 young (67584K), 2 survivors (4096K)
 Metaspace       used 26913K, capacity 27779K, committed 28080K, reserved 1073152K
  class space    used 3359K, capacity 3716K, committed 3840K, reserved 1048576K
}
Event: 2.032 GC heap after
{Heap after GC invocations=5 (full 0):
 garbage-first heap   total 520192K, used 14044K [0x0000000605400000, 0x0000000800000000)
  region size 2048K, 3 young (6144K), 3 survivors (6144K)
 Metaspace       used 26913K, capacity 27779K, committed 28080K, reserved 1073152K
  class space    used 3359K, capacity 3716K, committed 3840K, reserved 1048576K
}
Event: 2.804 GC heap before
{Heap before GC invocations=5 (full 0):
 garbage-first heap   total 520192K, used 136924K [0x0000000605400000, 0x0000000800000000)
  region size 2048K, 64 young (131072K), 3 survivors (6144K)
 Metaspace       used 34738K, capacity 35822K, committed 35888K, reserved 1081344K
  class space    used 4481K, capacity 4942K, committed 4992K, reserved 1048576K
}
Event: 2.809 GC heap after
{Heap after GC invocations=6 (full 0):
 garbage-first heap   total 520192K, used 18824K [0x0000000605400000, 0x0000000800000000)
  region size 2048K, 5 young (10240K), 5 survivors (10240K)
 Metaspace       used 34738K, capacity 35822K, committed 35888K, reserved 1081344K
  class space    used 4481K, capacity 4942K, committed 4992K, reserved 1048576K
}
Event: 4.441 GC heap before
{Heap before GC invocations=7 (full 0):
 garbage-first heap   total 520192K, used 219528K [0x0000000605400000, 0x0000000800000000)
  region size 2048K, 103 young (210944K), 5 survivors (10240K)
 Metaspace       used 58653K, capacity 60212K, committed 60240K, reserved 1101824K
  class space    used 7567K, capacity 8192K, committed 8192K, reserved 1048576K
}
Event: 4.450 GC heap after
{Heap after GC invocations=8 (full 0):
 garbage-first heap   total 520192K, used 27264K [0x0000000605400000, 0x0000000800000000)
  region size 2048K, 9 young (18432K), 9 survivors (18432K)
 Metaspace       used 58653K, capacity 60212K, committed 60240K, reserved 1101824K
  class space    used 7567K, capacity 8192K, committed 8192K, reserved 1048576K
}
Event: 6.491 GC heap before
{Heap before GC invocations=9 (full 0):
 garbage-first heap   total 520192K, used 273024K [0x0000000605400000, 0x0000000800000000)
  region size 2048K, 129 young (264192K), 9 survivors (18432K)
 Metaspace       used 68733K, capacity 70719K, committed 71068K, reserved 1110016K
  class space    used 9140K, capacity 9932K, committed 10060K, reserved 1048576K
}
Event: 6.499 GC heap after
{Heap after GC invocations=10 (full 0):
 garbage-first heap   total 520192K, used 32535K [0x0000000605400000, 0x0000000800000000)
  region size 2048K, 12 young (24576K), 12 survivors (24576K)
 Metaspace       used 68733K, capacity 70719K, committed 71068K, reserved 1110016K
  class space    used 9140K, capacity 9932K, committed 10060K, reserved 1048576K
}
Event: 22.012 GC heap before
{Heap before GC invocations=10 (full 0):
 garbage-first heap   total 520192K, used 319255K [0x0000000605400000, 0x0000000800000000)
  region size 2048K, 152 young (311296K), 12 survivors (24576K)
 Metaspace       used 80642K, capacity 83039K, committed 83228K, reserved 1120256K
  class space    used 10730K, capacity 11655K, committed 11724K, reserved 1048576K
}

